<?xml version="1.0" encoding="UTF-8"?>
<testsuite name="com.workshop.HotelReservationTest" tests="1" skipped="0" failures="0" errors="0" timestamp="2021-09-23T05:01:56" hostname="LAPTOP-GDO34K0C" time="0.081">
  <properties/>
  <testcase name="givenHotelNamesAndTheirRewardAddedToList()" classname="com.workshop.HotelReservationTest" time="0.081"/>
  <system-out><![CDATA[]]></system-out>
  <system-err><![CDATA[]]></system-err>
</testsuite>
